[12-Sep-2025 16:31:33 Europe/Berlin] [2025-09-12 16:31:33] Delete product request received: {"id":"151"}
[12-Sep-2025 16:31:33 Europe/Berlin] [2025-09-12 16:31:33] Processing delete for product ID: 151
[12-Sep-2025 16:31:33 Europe/Berlin] [2025-09-12 16:31:34] Product found for ID: 151
[12-Sep-2025 16:31:34 Europe/Berlin] [2025-09-12 16:31:34] Product deleted successfully for ID: 151
[12-Sep-2025 16:32:12 Europe/Berlin] [2025-09-12 16:32:12] Delete product request received: {"id":"49"}
[12-Sep-2025 16:32:12 Europe/Berlin] [2025-09-12 16:32:12] Processing delete for product ID: 49
[12-Sep-2025 16:32:12 Europe/Berlin] [2025-09-12 16:32:12] Product found for ID: 49
[12-Sep-2025 16:32:12 Europe/Berlin] [2025-09-12 16:32:12] Product deleted successfully for ID: 49
[13-Sep-2025 15:35:41 Europe/Berlin] [2025-09-13 15:35:41] Delete product request received: {"id":"166"}
[13-Sep-2025 15:35:41 Europe/Berlin] [2025-09-13 15:35:41] Processing delete for product ID: 166
[13-Sep-2025 15:35:41 Europe/Berlin] [2025-09-13 15:35:41] Product found for ID: 166
[13-Sep-2025 15:35:41 Europe/Berlin] [2025-09-13 15:35:41] Product deleted successfully for ID: 166
[13-Sep-2025 15:36:46 Europe/Berlin] [2025-09-13 15:36:46] Delete product request received: {"id":"165"}
[13-Sep-2025 15:36:46 Europe/Berlin] [2025-09-13 15:36:46] Processing delete for product ID: 165
[13-Sep-2025 15:36:46 Europe/Berlin] [2025-09-13 15:36:46] Product found for ID: 165
[13-Sep-2025 15:36:46 Europe/Berlin] [2025-09-13 15:36:46] Product deleted successfully for ID: 165
[13-Sep-2025 21:33:32 Europe/Berlin] [2025-09-13 21:33:32] Delete product request received: {"id":"169"}
[13-Sep-2025 21:33:32 Europe/Berlin] [2025-09-13 21:33:32] Processing delete for product ID: 169
[13-Sep-2025 21:33:32 Europe/Berlin] [2025-09-13 21:33:32] Product found for ID: 169
[13-Sep-2025 21:33:32 Europe/Berlin] [2025-09-13 21:33:32] Product deleted successfully for ID: 169
[13-Sep-2025 22:01:33 Europe/Berlin] [2025-09-13 22:01:33] Delete product request received: {"id":"168"}
[13-Sep-2025 22:01:33 Europe/Berlin] [2025-09-13 22:01:33] Processing delete for product ID: 168
[13-Sep-2025 22:01:33 Europe/Berlin] [2025-09-13 22:01:33] Product found for ID: 168
[13-Sep-2025 22:01:33 Europe/Berlin] [2025-09-13 22:01:33] Product deleted successfully for ID: 168
[14-Sep-2025 13:10:52 Europe/Berlin] [2025-09-14 13:10:52] Delete product request received: {"id":"170"}
[14-Sep-2025 13:10:53 Europe/Berlin] [2025-09-14 13:10:53] Processing delete for product ID: 170
[14-Sep-2025 13:10:53 Europe/Berlin] [2025-09-14 13:10:53] Product found for ID: 170
[14-Sep-2025 13:10:53 Europe/Berlin] [2025-09-14 13:10:53] Product deleted successfully for ID: 170
[14-Sep-2025 21:09:53 Europe/Berlin] [2025-09-14 21:09:53] Delete product request received: {"id":"167"}
[14-Sep-2025 21:09:53 Europe/Berlin] [2025-09-14 21:09:53] Processing delete for product ID: 167
[14-Sep-2025 21:09:53 Europe/Berlin] [2025-09-14 21:09:53] Product found for ID: 167
[14-Sep-2025 21:09:53 Europe/Berlin] [2025-09-14 21:09:53] Product deleted successfully for ID: 167
[14-Sep-2025 21:19:15 Europe/Berlin] [2025-09-14 21:19:15] Delete product request received: {"id":"164"}
[14-Sep-2025 21:19:15 Europe/Berlin] [2025-09-14 21:19:15] Processing delete for product ID: 164
[14-Sep-2025 21:19:15 Europe/Berlin] [2025-09-14 21:19:15] Product found for ID: 164
[14-Sep-2025 21:19:15 Europe/Berlin] [2025-09-14 21:19:15] Product deleted successfully for ID: 164
[24-Sep-2025 10:50:58 Europe/Berlin] [2025-09-24 10:50:58] Delete product request received: {"id":"174"}
[24-Sep-2025 10:50:58 Europe/Berlin] [2025-09-24 10:50:58] Delete product request received: {"id":"174"}
[24-Sep-2025 10:50:58 Europe/Berlin] [2025-09-24 10:50:58] Processing delete for product ID: 174
[24-Sep-2025 10:50:58 Europe/Berlin] [2025-09-24 10:50:58] Processing delete for product ID: 174
[24-Sep-2025 10:50:58 Europe/Berlin] [2025-09-24 10:50:58] Product found for ID: 174
[24-Sep-2025 10:50:58 Europe/Berlin] [2025-09-24 10:50:58] Product found for ID: 174
[24-Sep-2025 10:50:58 Europe/Berlin] [2025-09-24 10:50:58] No rows affected for ID: 174
[24-Sep-2025 10:50:58 Europe/Berlin] [2025-09-24 10:50:58] Product deleted successfully for ID: 174
[24-Sep-2025 10:51:07 Europe/Berlin] [2025-09-24 10:51:07] Delete product request received: {"id":"173"}
[24-Sep-2025 10:51:07 Europe/Berlin] [2025-09-24 10:51:07] Processing delete for product ID: 173
[24-Sep-2025 10:51:07 Europe/Berlin] [2025-09-24 10:51:07] Product found for ID: 173
[24-Sep-2025 10:51:07 Europe/Berlin] [2025-09-24 10:51:07] Product deleted successfully for ID: 173
[24-Sep-2025 16:06:57 Europe/Berlin] [2025-09-24 16:06:57] Delete product request received: {"id":"175"}
[24-Sep-2025 16:06:57 Europe/Berlin] [2025-09-24 16:06:57] Processing delete for product ID: 175
[24-Sep-2025 16:06:57 Europe/Berlin] [2025-09-24 16:06:57] Product found for ID: 175
[24-Sep-2025 16:06:57 Europe/Berlin] [2025-09-24 16:06:57] Product deleted successfully for ID: 175
[26-Oct-2025 08:17:07 Europe/Berlin] [2025-10-26 08:17:07] Delete product request received: {"id":"1"}
[26-Oct-2025 08:17:07 Europe/Berlin] [2025-10-26 08:17:07] Processing delete for product ID: 1
[26-Oct-2025 08:17:07 Europe/Berlin] [2025-10-26 08:17:07] Product found for ID: 1
[26-Oct-2025 08:17:07 Europe/Berlin] [2025-10-26 08:17:07] Product deleted successfully for ID: 1
